<?xml version="1.0" encoding="UTF-8"?>
<!-- Generated by org.testng.reporters.JUnitXMLReporter -->
<testsuite hostname="PG014UCR" ignored="0" name="API GET Test" tests="6" failures="5" timestamp="11 Aug 2018 07:55:00 GMT" time="85.963" errors="0">
  <testcase name="TestWeatherAPIWithDataProvider" time="27.629" classname="getRequestValidationLatest.TC_03_TestWeatherAPIWithDataProvider_Cities">
    <skipped/>
  </testcase> <!-- TestWeatherAPIWithDataProvider -->
  <testcase name="TestWeatherAPIWithDataProvider" time="7.877" classname="getRequestValidationLatest.TC_03_TestWeatherAPIWithDataProvider_Cities">
    <failure type="java.lang.AssertionError" message="1 expectation failed.
Expected status code &amp;lt;300&amp;gt; but was &amp;lt;200&amp;gt;.
">
      <![CDATA[java.lang.AssertionError: 1 expectation failed.
Expected status code <300> but was <200>.

at org.codehaus.groovy.runtime.callsite.ConstructorSite$ConstructorSiteNoUnwrap.callConstructor(ConstructorSite.java:84)
at org.codehaus.groovy.runtime.callsite.AbstractCallSite.callConstructor(AbstractCallSite.java:247)
at io.restassured.internal.ResponseSpecificationImpl$HamcrestAssertionClosure.validate(ResponseSpecificationImpl.groovy:483)
at io.restassured.internal.ResponseSpecificationImpl$HamcrestAssertionClosure$validate$1.call(Unknown Source)
at io.restassured.internal.ResponseSpecificationImpl.validateResponseIfRequired(ResponseSpecificationImpl.groovy:655)
at org.codehaus.groovy.runtime.callsite.PogoMetaMethodSite$PogoCachedMethodSiteNoUnwrapNoCoerce.invoke(PogoMetaMethodSite.java:210)
at org.codehaus.groovy.runtime.callsite.PogoMetaMethodSite.callCurrent(PogoMetaMethodSite.java:59)
at org.codehaus.groovy.runtime.callsite.AbstractCallSite.callCurrent(AbstractCallSite.java:166)
at io.restassured.internal.ResponseSpecificationImpl.statusCode(ResponseSpecificationImpl.groovy:123)
at io.restassured.specification.ResponseSpecification$statusCode$0.callCurrent(Unknown Source)
at io.restassured.internal.ResponseSpecificationImpl.statusCode(ResponseSpecificationImpl.groovy:131)
at io.restassured.internal.ValidatableResponseOptionsImpl.statusCode(ValidatableResponseOptionsImpl.java:119)
at getRequestValidationLatest.TC_03_TestWeatherAPIWithDataProvider_Cities.TestWeatherAPIWithDataProvider(TC_03_TestWeatherAPIWithDataProvider_Cities.java:63)
... Removed 35 stack frames]]>
    </failure>
  </testcase> <!-- TestWeatherAPIWithDataProvider -->
  <testcase name="TestWeatherAPIWithDataProvider" time="2.977" classname="getRequestValidationLatest.TC_03_TestWeatherAPIWithDataProvider_Cities">
    <failure type="java.lang.AssertionError" message="1 expectation failed.
Expected status code &amp;lt;300&amp;gt; but was &amp;lt;200&amp;gt;.
">
      <![CDATA[java.lang.AssertionError: 1 expectation failed.
Expected status code <300> but was <200>.

at org.codehaus.groovy.runtime.callsite.ConstructorSite$ConstructorSiteNoUnwrap.callConstructor(ConstructorSite.java:84)
at org.codehaus.groovy.runtime.callsite.AbstractCallSite.callConstructor(AbstractCallSite.java:247)
at io.restassured.internal.ResponseSpecificationImpl$HamcrestAssertionClosure.validate(ResponseSpecificationImpl.groovy:483)
at io.restassured.internal.ResponseSpecificationImpl$HamcrestAssertionClosure$validate$1.call(Unknown Source)
at io.restassured.internal.ResponseSpecificationImpl.validateResponseIfRequired(ResponseSpecificationImpl.groovy:655)
at org.codehaus.groovy.runtime.callsite.PogoMetaMethodSite$PogoCachedMethodSiteNoUnwrapNoCoerce.invoke(PogoMetaMethodSite.java:210)
at org.codehaus.groovy.runtime.callsite.PogoMetaMethodSite.callCurrent(PogoMetaMethodSite.java:59)
at org.codehaus.groovy.runtime.callsite.AbstractCallSite.callCurrent(AbstractCallSite.java:166)
at io.restassured.internal.ResponseSpecificationImpl.statusCode(ResponseSpecificationImpl.groovy:123)
at io.restassured.specification.ResponseSpecification$statusCode$0.callCurrent(Unknown Source)
at io.restassured.internal.ResponseSpecificationImpl.statusCode(ResponseSpecificationImpl.groovy:131)
at io.restassured.internal.ValidatableResponseOptionsImpl.statusCode(ValidatableResponseOptionsImpl.java:119)
at getRequestValidationLatest.TC_03_TestWeatherAPIWithDataProvider_Cities.TestWeatherAPIWithDataProvider(TC_03_TestWeatherAPIWithDataProvider_Cities.java:63)
... Removed 35 stack frames]]>
    </failure>
  </testcase> <!-- TestWeatherAPIWithDataProvider -->
  <testcase name="TestWeatherAPIWithDataProvider" time="3.014" classname="getRequestValidationLatest.TC_03_TestWeatherAPIWithDataProvider_Cities">
    <failure type="java.lang.AssertionError" message="1 expectation failed.
Expected status code &amp;lt;300&amp;gt; but was &amp;lt;200&amp;gt;.
">
      <![CDATA[java.lang.AssertionError: 1 expectation failed.
Expected status code <300> but was <200>.

at org.codehaus.groovy.runtime.callsite.ConstructorSite$ConstructorSiteNoUnwrap.callConstructor(ConstructorSite.java:84)
at org.codehaus.groovy.runtime.callsite.AbstractCallSite.callConstructor(AbstractCallSite.java:247)
at io.restassured.internal.ResponseSpecificationImpl$HamcrestAssertionClosure.validate(ResponseSpecificationImpl.groovy:483)
at io.restassured.internal.ResponseSpecificationImpl$HamcrestAssertionClosure$validate$1.call(Unknown Source)
at io.restassured.internal.ResponseSpecificationImpl.validateResponseIfRequired(ResponseSpecificationImpl.groovy:655)
at org.codehaus.groovy.runtime.callsite.PogoMetaMethodSite$PogoCachedMethodSiteNoUnwrapNoCoerce.invoke(PogoMetaMethodSite.java:210)
at org.codehaus.groovy.runtime.callsite.PogoMetaMethodSite.callCurrent(PogoMetaMethodSite.java:59)
at org.codehaus.groovy.runtime.callsite.AbstractCallSite.callCurrent(AbstractCallSite.java:166)
at io.restassured.internal.ResponseSpecificationImpl.statusCode(ResponseSpecificationImpl.groovy:123)
at io.restassured.specification.ResponseSpecification$statusCode$0.callCurrent(Unknown Source)
at io.restassured.internal.ResponseSpecificationImpl.statusCode(ResponseSpecificationImpl.groovy:131)
at io.restassured.internal.ValidatableResponseOptionsImpl.statusCode(ValidatableResponseOptionsImpl.java:119)
at getRequestValidationLatest.TC_03_TestWeatherAPIWithDataProvider_Cities.TestWeatherAPIWithDataProvider(TC_03_TestWeatherAPIWithDataProvider_Cities.java:63)
... Removed 35 stack frames]]>
    </failure>
  </testcase> <!-- TestWeatherAPIWithDataProvider -->
  <testcase name="TestWeatherAPIWithDataProvider" time="3.071" classname="getRequestValidationLatest.TC_03_TestWeatherAPIWithDataProvider_Cities">
    <failure type="java.lang.AssertionError" message="1 expectation failed.
Expected status code &amp;lt;300&amp;gt; but was &amp;lt;200&amp;gt;.
">
      <![CDATA[java.lang.AssertionError: 1 expectation failed.
Expected status code <300> but was <200>.

at org.codehaus.groovy.runtime.callsite.ConstructorSite$ConstructorSiteNoUnwrap.callConstructor(ConstructorSite.java:84)
at org.codehaus.groovy.runtime.callsite.AbstractCallSite.callConstructor(AbstractCallSite.java:247)
at io.restassured.internal.ResponseSpecificationImpl$HamcrestAssertionClosure.validate(ResponseSpecificationImpl.groovy:483)
at io.restassured.internal.ResponseSpecificationImpl$HamcrestAssertionClosure$validate$1.call(Unknown Source)
at io.restassured.internal.ResponseSpecificationImpl.validateResponseIfRequired(ResponseSpecificationImpl.groovy:655)
at org.codehaus.groovy.runtime.callsite.PogoMetaMethodSite$PogoCachedMethodSiteNoUnwrapNoCoerce.invoke(PogoMetaMethodSite.java:210)
at org.codehaus.groovy.runtime.callsite.PogoMetaMethodSite.callCurrent(PogoMetaMethodSite.java:59)
at org.codehaus.groovy.runtime.callsite.AbstractCallSite.callCurrent(AbstractCallSite.java:166)
at io.restassured.internal.ResponseSpecificationImpl.statusCode(ResponseSpecificationImpl.groovy:123)
at io.restassured.specification.ResponseSpecification$statusCode$0.callCurrent(Unknown Source)
at io.restassured.internal.ResponseSpecificationImpl.statusCode(ResponseSpecificationImpl.groovy:131)
at io.restassured.internal.ValidatableResponseOptionsImpl.statusCode(ValidatableResponseOptionsImpl.java:119)
at getRequestValidationLatest.TC_03_TestWeatherAPIWithDataProvider_Cities.TestWeatherAPIWithDataProvider(TC_03_TestWeatherAPIWithDataProvider_Cities.java:63)
... Removed 35 stack frames]]>
    </failure>
  </testcase> <!-- TestWeatherAPIWithDataProvider -->
  <testcase name="TestWeatherAPIWithDataProvider" time="1.761" classname="getRequestValidationLatest.TC_03_TestWeatherAPIWithDataProvider_Cities">
    <failure type="java.lang.AssertionError" message="1 expectation failed.
Expected status code &amp;lt;300&amp;gt; but was &amp;lt;200&amp;gt;.
">
      <![CDATA[java.lang.AssertionError: 1 expectation failed.
Expected status code <300> but was <200>.

at org.codehaus.groovy.runtime.callsite.ConstructorSite$ConstructorSiteNoUnwrap.callConstructor(ConstructorSite.java:84)
at org.codehaus.groovy.runtime.callsite.AbstractCallSite.callConstructor(AbstractCallSite.java:247)
at io.restassured.internal.ResponseSpecificationImpl$HamcrestAssertionClosure.validate(ResponseSpecificationImpl.groovy:483)
at io.restassured.internal.ResponseSpecificationImpl$HamcrestAssertionClosure$validate$1.call(Unknown Source)
at io.restassured.internal.ResponseSpecificationImpl.validateResponseIfRequired(ResponseSpecificationImpl.groovy:655)
at org.codehaus.groovy.runtime.callsite.PogoMetaMethodSite$PogoCachedMethodSiteNoUnwrapNoCoerce.invoke(PogoMetaMethodSite.java:210)
at org.codehaus.groovy.runtime.callsite.PogoMetaMethodSite.callCurrent(PogoMetaMethodSite.java:59)
at org.codehaus.groovy.runtime.callsite.AbstractCallSite.callCurrent(AbstractCallSite.java:166)
at io.restassured.internal.ResponseSpecificationImpl.statusCode(ResponseSpecificationImpl.groovy:123)
at io.restassured.specification.ResponseSpecification$statusCode$0.callCurrent(Unknown Source)
at io.restassured.internal.ResponseSpecificationImpl.statusCode(ResponseSpecificationImpl.groovy:131)
at io.restassured.internal.ValidatableResponseOptionsImpl.statusCode(ValidatableResponseOptionsImpl.java:119)
at getRequestValidationLatest.TC_03_TestWeatherAPIWithDataProvider_Cities.TestWeatherAPIWithDataProvider(TC_03_TestWeatherAPIWithDataProvider_Cities.java:63)
... Removed 35 stack frames]]>
    </failure>
  </testcase> <!-- TestWeatherAPIWithDataProvider -->
</testsuite> <!-- API GET Test -->
