<?xml version="1.0" encoding="UTF-8"?>
<!-- Generated by org.testng.reporters.JUnitXMLReporter -->
<testsuite hostname="PG014UCR" ignored="0" name="Test" tests="2" failures="0" timestamp="02 Aug 2018 11:37:25 GMT" time="21.279" errors="0">
  <testcase name="@BeforeMethod getMethodName" time="13.649" classname="getRequestValidationLatest.TC_001_All_EndPoint_URI_Validation">
    <skipped/>
  </testcase> <!-- @BeforeMethod getMethodName -->
  <testcase name="@AfterMethod afterEachTest" time="0.0" classname="getRequestValidationLatest.TC_001_All_EndPoint_URI_Validation">
    <skipped/>
  </testcase> <!-- @AfterMethod afterEachTest -->
  <testcase name="@BeforeMethod getMethodName" time="0.0" classname="getRequestValidationLatest.TC_001_All_EndPoint_URI_Validation">
    <skipped/>
  </testcase> <!-- @BeforeMethod getMethodName -->
  <testcase name="@AfterMethod afterEachTest" time="0.0" classname="getRequestValidationLatest.TC_001_All_EndPoint_URI_Validation">
    <skipped/>
  </testcase> <!-- @AfterMethod afterEachTest -->
  <testcase name="TC_01_TestAllURIs" time="0.0" classname="getRequestValidationLatest.TC_001_All_EndPoint_URI_Validation">
    <skipped/>
  </testcase> <!-- TC_01_TestAllURIs -->
  <testcase name="TC_01_TestAllURIs" time="0.0" classname="getRequestValidationLatest.TC_001_All_EndPoint_URI_Validation">
    <skipped/>
  </testcase> <!-- TC_01_TestAllURIs -->
</testsuite> <!-- Test -->
