<?xml version="1.0" encoding="UTF-8"?>
<!-- Generated by org.testng.reporters.JUnitXMLReporter -->
<testsuite hostname="PG014UCR" ignored="0" name="Windows+chrome Test" tests="3" failures="0" timestamp="05 Aug 2018 11:21:51 GMT" time="6.36" errors="0">
  <testcase name="TC_01_TestAllURIs" time="1.998" classname="getRequestValidationLatest.TC_001_All_EndPoint_URI_Validation"/>
  <testcase name="TC_01_TestAllURIs" time="1.03" classname="getRequestValidationLatest.TC_001_All_EndPoint_URI_Validation"/>
  <testcase name="TC_01_TestAllURIs" time="2.033" classname="getRequestValidationLatest.TC_001_All_EndPoint_URI_Validation"/>
</testsuite> <!-- Windows+chrome Test -->
