<?xml version="1.0" encoding="UTF-8"?>
<testng-results skipped="0" failed="0" ignored="0" total="1" passed="1">
  <reporter-output>
  </reporter-output>
  <suite name="Default suite" duration-ms="2813" started-at="2018-07-14T12:46:58Z" finished-at="2018-07-14T12:47:01Z">
    <groups>
    </groups>
    <test name="Default test" duration-ms="2813" started-at="2018-07-14T12:46:58Z" finished-at="2018-07-14T12:47:01Z">
      <class name="getRequestValidation.TC_012_TestBodyResponseLamdaExp">
        <test-method status="PASS" signature="testBodyParametersInResponse()[pri:0, instance:getRequestValidation.TC_012_TestBodyResponseLamdaExp@77cd7a0]" name="testBodyParametersInResponse" duration-ms="2772" started-at="2018-07-14T12:46:58Z" finished-at="2018-07-14T12:47:01Z">
          <reporter-output>
          </reporter-output>
        </test-method> <!-- testBodyParametersInResponse -->
      </class> <!-- getRequestValidation.TC_012_TestBodyResponseLamdaExp -->
    </test> <!-- Default test -->
  </suite> <!-- Default suite -->
</testng-results>
