<?xml version="1.0" encoding="UTF-8"?>
<!-- Generated by org.testng.reporters.JUnitXMLReporter -->
<testsuite hostname="PG014UCR" ignored="0" name="Default test" tests="4" failures="0" timestamp="09 Aug 2018 11:28:08 GMT" time="1.31" errors="0">
  <testcase name="@BeforeMethod getMethodName" time="0.037" classname="getRequestValidationLatest.TC_03_TestWeatherAPIWithDataProvider_Cities">
    <failure type="java.lang.NullPointerException">
      <![CDATA[java.lang.NullPointerException
at getRequestValidationLatest.TC_03_TestWeatherAPIWithDataProvider_Cities.getMethodName(TC_03_TestWeatherAPIWithDataProvider_Cities.java:41)
at sun.reflect.NativeMethodAccessorImpl.invoke0(Native Method)
at sun.reflect.NativeMethodAccessorImpl.invoke(Unknown Source)
at sun.reflect.DelegatingMethodAccessorImpl.invoke(Unknown Source)
at java.lang.reflect.Method.invoke(Unknown Source)
at org.testng.internal.MethodInvocationHelper.invokeMethod(MethodInvocationHelper.java:124)
at org.testng.internal.MethodInvocationHelper.invokeMethodConsideringTimeout(MethodInvocationHelper.java:59)
at org.testng.internal.Invoker.invokeConfigurationMethod(Invoker.java:455)
at org.testng.internal.Invoker.invokeConfigurations(Invoker.java:222)
at org.testng.internal.Invoker.invokeMethod(Invoker.java:520)
at org.testng.internal.Invoker.invokeTestMethod(Invoker.java:716)
at org.testng.internal.Invoker.invokeTestMethods(Invoker.java:988)
at org.testng.internal.TestMethodWorker.invokeTestMethods(TestMethodWorker.java:125)
at org.testng.internal.TestMethodWorker.run(TestMethodWorker.java:109)
at org.testng.TestRunner.privateRun(TestRunner.java:648)
at org.testng.TestRunner.run(TestRunner.java:505)
at org.testng.SuiteRunner.runTest(SuiteRunner.java:455)
at org.testng.SuiteRunner.runSequentially(SuiteRunner.java:450)
at org.testng.SuiteRunner.privateRun(SuiteRunner.java:415)
at org.testng.SuiteRunner.run(SuiteRunner.java:364)
at org.testng.SuiteRunnerWorker.runSuite(SuiteRunnerWorker.java:52)
at org.testng.SuiteRunnerWorker.run(SuiteRunnerWorker.java:84)
at org.testng.TestNG.runSuitesSequentially(TestNG.java:1208)
at org.testng.TestNG.runSuitesLocally(TestNG.java:1137)
at org.testng.TestNG.runSuites(TestNG.java:1049)
at org.testng.TestNG.run(TestNG.java:1017)
at org.testng.remote.AbstractRemoteTestNG.run(AbstractRemoteTestNG.java:114)
at org.testng.remote.RemoteTestNG.initAndRun(RemoteTestNG.java:251)
at org.testng.remote.RemoteTestNG.main(RemoteTestNG.java:77)
]]>
    </failure>
  </testcase> <!-- @BeforeMethod getMethodName -->
  <testcase name="@AfterMethod afterEachTest" time="0.0" classname="getRequestValidationLatest.TC_03_TestWeatherAPIWithDataProvider_Cities">
    <skipped/>
  </testcase> <!-- @AfterMethod afterEachTest -->
  <testcase name="@BeforeMethod getMethodName" time="0.0" classname="getRequestValidationLatest.TC_03_TestWeatherAPIWithDataProvider_Cities">
    <skipped/>
  </testcase> <!-- @BeforeMethod getMethodName -->
  <testcase name="@AfterMethod afterEachTest" time="0.0" classname="getRequestValidationLatest.TC_03_TestWeatherAPIWithDataProvider_Cities">
    <skipped/>
  </testcase> <!-- @AfterMethod afterEachTest -->
  <testcase name="@BeforeMethod getMethodName" time="0.0" classname="getRequestValidationLatest.TC_03_TestWeatherAPIWithDataProvider_Cities">
    <skipped/>
  </testcase> <!-- @BeforeMethod getMethodName -->
  <testcase name="@AfterMethod afterEachTest" time="0.0" classname="getRequestValidationLatest.TC_03_TestWeatherAPIWithDataProvider_Cities">
    <skipped/>
  </testcase> <!-- @AfterMethod afterEachTest -->
  <testcase name="@BeforeMethod getMethodName" time="0.0" classname="getRequestValidationLatest.TC_03_TestWeatherAPIWithDataProvider_Cities">
    <skipped/>
  </testcase> <!-- @BeforeMethod getMethodName -->
  <testcase name="@AfterMethod afterEachTest" time="0.0" classname="getRequestValidationLatest.TC_03_TestWeatherAPIWithDataProvider_Cities">
    <skipped/>
  </testcase> <!-- @AfterMethod afterEachTest -->
  <testcase name="TestWeatherAPIWithDataProvider" time="0.0" classname="getRequestValidationLatest.TC_03_TestWeatherAPIWithDataProvider_Cities">
    <skipped/>
  </testcase> <!-- TestWeatherAPIWithDataProvider -->
  <testcase name="TestWeatherAPIWithDataProvider" time="0.0" classname="getRequestValidationLatest.TC_03_TestWeatherAPIWithDataProvider_Cities">
    <skipped/>
  </testcase> <!-- TestWeatherAPIWithDataProvider -->
  <testcase name="TestWeatherAPIWithDataProvider" time="0.0" classname="getRequestValidationLatest.TC_03_TestWeatherAPIWithDataProvider_Cities">
    <skipped/>
  </testcase> <!-- TestWeatherAPIWithDataProvider -->
  <testcase name="TestWeatherAPIWithDataProvider" time="0.0" classname="getRequestValidationLatest.TC_03_TestWeatherAPIWithDataProvider_Cities">
    <skipped/>
  </testcase> <!-- TestWeatherAPIWithDataProvider -->
</testsuite> <!-- Default test -->
